<?xml version="1.0" encoding="UTF-8"?>
<testng-results skipped="0" failed="0" total="1" passed="1">
  <reporter-output>
  </reporter-output>
  <suite name="Suite1" duration-ms="20" started-at="2014-10-24T16:29:17Z" finished-at="2014-10-24T16:29:17Z">
    <groups>
    </groups>
    <test name="Nopackage" duration-ms="20" started-at="2014-10-24T16:29:17Z" finished-at="2014-10-24T16:29:17Z">
      <class name="lesson2.PrimeNumber">
        <test-method status="PASS" signature="isPrimeTest()[pri:0, instance:lesson2.PrimeNumber@6cdd9e27]" name="isPrimeTest" duration-ms="9" started-at="2014-10-24T20:29:17Z" finished-at="2014-10-24T20:29:17Z">
          <reporter-output>
          </reporter-output>
        </test-method> <!-- isPrimeTest -->
      </class> <!-- lesson2.PrimeNumber -->
    </test> <!-- Nopackage -->
  </suite> <!-- Suite1 -->
</testng-results>
